# JRE version: Java(TM) SE Runtime Environment (8.0_40-b26) (build 1.8.0_40-b26)
# Java VM: Java HotSpot(TM) 64-Bit Server VM (25.40-b25 mixed mode windows-amd64 compressed oops)
Heap:
 PSYoungGen      total 723456K, used 179930K [0x0000000780a00000, 0x00000007bf300000, 0x00000007c0000000)
  eden space 636416K, 14% used [0x0000000780a00000,0x00000007864b80c0,0x00000007a7780000)
  from space 87040K, 99% used [0x00000007a7780000,0x00000007acc7ea40,0x00000007acc80000)
  to   space 122880K, 0% used [0x00000007b7b00000,0x00000007b7b00000,0x00000007bf300000)
 ParOldGen       total 1398272K, used 57906K [0x0000000701e00000, 0x0000000757380000, 0x0000000780a00000)
  object space 1398272K, 4% used [0x0000000701e00000,0x000000070568c9b8,0x0000000757380000)
 Metaspace       used 55497K, capacity 56224K, committed 56536K, reserved 1099776K
  class space    used 6894K, capacity 7045K, committed 7128K, reserved 1048576K
GC Heap History (10 events):
Event: 7.893 GC heap before
{Heap before GC invocations=3 (full 1):
 PSYoungGen      total 611840K, used 199426K [0x0000000780a00000, 0x00000007ab480000, 0x00000007c0000000)
  eden space 524800K, 38% used [0x0000000780a00000,0x000000078ccc0870,0x00000007a0a80000)
  from space 87040K, 0% used [0x00000007a0a80000,0x00000007a0a80000,0x00000007a5f80000)
  to   space 87040K, 0% used [0x00000007a5f80000,0x00000007a5f80000,0x00000007ab480000)
 ParOldGen       total 1398272K, used 10988K [0x0000000701e00000, 0x0000000757380000, 0x0000000780a00000)
  object space 1398272K, 0% used [0x0000000701e00000,0x00000007028bb198,0x0000000757380000)
 Metaspace       used 34860K, capacity 35100K, committed 35416K, reserved 1079296K
  class space    used 4553K, capacity 4631K, committed 4696K, reserved 1048576K
Event: 7.911 GC heap after
Heap after GC invocations=3 (full 1):
 PSYoungGen      total 611840K, used 17584K [0x0000000780a00000, 0x00000007b8400000, 0x00000007c0000000)
  eden space 524800K, 0% used [0x0000000780a00000,0x0000000780a00000,0x00000007a0a80000)
  from space 87040K, 20% used [0x00000007a5f80000,0x00000007a70ac3e8,0x00000007ab480000)
  to   space 87040K, 0% used [0x00000007a0a80000,0x00000007a0a80000,0x00000007a5f80000)
 ParOldGen       total 1398272K, used 10996K [0x0000000701e00000, 0x0000000757380000, 0x0000000780a00000)
  object space 1398272K, 0% used [0x0000000701e00000,0x00000007028bd198,0x0000000757380000)
 Metaspace       used 34860K, capacity 35100K, committed 35416K, reserved 1079296K
  class space    used 4553K, capacity 4631K, committed 4696K, reserved 1048576K
}
Event: 7.911 GC heap before
{Heap before GC invocations=4 (full 2):
 PSYoungGen      total 611840K, used 17584K [0x0000000780a00000, 0x00000007b8400000, 0x00000007c0000000)
  eden space 524800K, 0% used [0x0000000780a00000,0x0000000780a00000,0x00000007a0a80000)
  from space 87040K, 20% used [0x00000007a5f80000,0x00000007a70ac3e8,0x00000007ab480000)
  to   space 87040K, 0% used [0x00000007a0a80000,0x00000007a0a80000,0x00000007a5f80000)
 ParOldGen       total 1398272K, used 10996K [0x0000000701e00000, 0x0000000757380000, 0x0000000780a00000)
  object space 1398272K, 0% used [0x0000000701e00000,0x00000007028bd198,0x0000000757380000)
 Metaspace       used 34860K, capacity 35100K, committed 35416K, reserved 1079296K
  class space    used 4553K, capacity 4631K, committed 4696K, reserved 1048576K
Event: 7.966 GC heap after
Heap after GC invocations=4 (full 2):
 PSYoungGen      total 611840K, used 0K [0x0000000780a00000, 0x00000007b8400000, 0x00000007c0000000)
  eden space 524800K, 0% used [0x0000000780a00000,0x0000000780a00000,0x00000007a0a80000)
  from space 87040K, 0% used [0x00000007a5f80000,0x00000007a5f80000,0x00000007ab480000)
  to   space 87040K, 0% used [0x00000007a0a80000,0x00000007a0a80000,0x00000007a5f80000)
 ParOldGen       total 1398272K, used 21167K [0x0000000701e00000, 0x0000000757380000, 0x0000000780a00000)
  object space 1398272K, 1% used [0x0000000701e00000,0x00000007032abc18,0x0000000757380000)
 Metaspace       used 34860K, capacity 35100K, committed 35416K, reserved 1079296K
  class space    used 4553K, capacity 4631K, committed 4696K, reserved 1048576K
}
Event: 29.337 GC heap before
{Heap before GC invocations=5 (full 2):
 PSYoungGen      total 611840K, used 524800K [0x0000000780a00000, 0x00000007b8400000, 0x00000007c0000000)
  eden space 524800K, 100% used [0x0000000780a00000,0x00000007a0a80000,0x00000007a0a80000)
  from space 87040K, 0% used [0x00000007a5f80000,0x00000007a5f80000,0x00000007ab480000)
  to   space 87040K, 0% used [0x00000007a0a80000,0x00000007a0a80000,0x00000007a5f80000)
 ParOldGen       total 1398272K, used 21167K [0x0000000701e00000, 0x0000000757380000, 0x0000000780a00000)
  object space 1398272K, 1% used [0x0000000701e00000,0x00000007032abc18,0x0000000757380000)
 Metaspace       used 50775K, capacity 51316K, committed 51800K, reserved 1093632K
  class space    used 6497K, capacity 6659K, committed 6744K, reserved 1048576K
Event: 29.373 GC heap after
Heap after GC invocations=5 (full 2):
 PSYoungGen      total 611840K, used 32413K [0x0000000780a00000, 0x00000007b2180000, 0x00000007c0000000)
  eden space 524800K, 0% used [0x0000000780a00000,0x0000000780a00000,0x00000007a0a80000)
  from space 87040K, 37% used [0x00000007a0a80000,0x00000007a2a275c8,0x00000007a5f80000)
  to   space 87040K, 0% used [0x00000007acc80000,0x00000007acc80000,0x00000007b2180000)
 ParOldGen       total 1398272K, used 21183K [0x0000000701e00000, 0x0000000757380000, 0x0000000780a00000)
  object space 1398272K, 1% used [0x0000000701e00000,0x00000007032afc18,0x0000000757380000)
 Metaspace       used 50775K, capacity 51316K, committed 51800K, reserved 1093632K
  class space    used 6497K, capacity 6659K, committed 6744K, reserved 1048576K
}
Event: 42.385 GC heap before
{Heap before GC invocations=6 (full 2):
 PSYoungGen      total 611840K, used 557213K [0x0000000780a00000, 0x00000007b2180000, 0x00000007c0000000)
  eden space 524800K, 100% used [0x0000000780a00000,0x00000007a0a80000,0x00000007a0a80000)
  from space 87040K, 37% used [0x00000007a0a80000,0x00000007a2a275c8,0x00000007a5f80000)
  to   space 87040K, 0% used [0x00000007acc80000,0x00000007acc80000,0x00000007b2180000)
 ParOldGen       total 1398272K, used 21183K [0x0000000701e00000, 0x0000000757380000, 0x0000000780a00000)
  object space 1398272K, 1% used [0x0000000701e00000,0x00000007032afc18,0x0000000757380000)
 Metaspace       used 51881K, capacity 52426K, committed 52824K, reserved 1095680K
  class space    used 6564K, capacity 6738K, committed 6744K, reserved 1048576K
Event: 42.473 GC heap after
Heap after GC invocations=6 (full 2):
 PSYoungGen      total 723456K, used 63723K [0x0000000780a00000, 0x00000007b3380000, 0x00000007c0000000)
  eden space 636416K, 0% used [0x0000000780a00000,0x0000000780a00000,0x00000007a7780000)
  from space 87040K, 73% used [0x00000007acc80000,0x00000007b0abaf10,0x00000007b2180000)
  to   space 87040K, 0% used [0x00000007a7780000,0x00000007a7780000,0x00000007acc80000)
 ParOldGen       total 1398272K, used 21191K [0x0000000701e00000, 0x0000000757380000, 0x0000000780a00000)
  object space 1398272K, 1% used [0x0000000701e00000,0x00000007032b1c18,0x0000000757380000)
 Metaspace       used 51881K, capacity 52426K, committed 52824K, reserved 1095680K
  class space    used 6564K, capacity 6738K, committed 6744K, reserved 1048576K
}
Event: 91.280 GC heap before
{Heap before GC invocations=7 (full 2):
 PSYoungGen      total 723456K, used 700139K [0x0000000780a00000, 0x00000007b3380000, 0x00000007c0000000)
  eden space 636416K, 100% used [0x0000000780a00000,0x00000007a7780000,0x00000007a7780000)
  from space 87040K, 73% used [0x00000007acc80000,0x00000007b0abaf10,0x00000007b2180000)
  to   space 87040K, 0% used [0x00000007a7780000,0x00000007a7780000,0x00000007acc80000)
 ParOldGen       total 1398272K, used 21191K [0x0000000701e00000, 0x0000000757380000, 0x0000000780a00000)
  object space 1398272K, 1% used [0x0000000701e00000,0x00000007032b1c18,0x0000000757380000)
 Metaspace       used 55341K, capacity 56096K, committed 56280K, reserved 1097728K
  class space    used 6892K, capacity 7045K, committed 7128K, reserved 1048576K
Event: 91.387 GC heap after
Heap after GC invocations=7 (full 2):
 PSYoungGen      total 723456K, used 87034K [0x0000000780a00000, 0x00000007bf300000, 0x00000007c0000000)
  eden space 636416K, 0% used [0x0000000780a00000,0x0000000780a00000,0x00000007a7780000)
  from space 87040K, 99% used [0x00000007a7780000,0x00000007acc7ea40,0x00000007acc80000)
  to   space 122880K, 0% used [0x00000007b7b00000,0x00000007b7b00000,0x00000007bf300000)
 ParOldGen       total 1398272K, used 57906K [0x0000000701e00000, 0x0000000757380000, 0x0000000780a00000)
  object space 1398272K, 4% used [0x0000000701e00000,0x000000070568c9b8,0x0000000757380000)
 Metaspace       used 55341K, capacity 56096K, committed 56280K, reserved 1097728K
  class space    used 6892K, capacity 7045K, committed 7128K, reserved 1048576K
}

